| #ID | Type | Label | Lon1 [deg] | Lat1 [deg] | Lon2 [deg] | Lat2 [deg] | Frame | sFrame | Geometry | Descr | Direction | Duration [sec] | OffsetFrame | LonOffset [deg] | LatOffset [deg] | -RVEL |  Velocity | BARY | OP |
|   1 |  OTF |   Sun |   67.2782d |   21.7926d |    1.5000d |    0.0000d |    EQ |     EQ |      LAT |   CEN |       INC |           15.0 |     -EQOFFS |         0.0000d |        -0.5000d | -RVEL | 0.000000d | BARY | OP |
|   2 |  OTF |   Sun |   67.2782d |   21.7926d |    1.5000d |    0.0000d |    EQ |     EQ |      LAT |   CEN |       DEC |           15.0 |     -EQOFFS |         0.0000d |        -0.4833d | -RVEL | 0.000000d | BARY | OP |
|   3 |  OTF |   Sun |   67.2782d |   21.7926d |    1.5000d |    0.0000d |    EQ |     EQ |      LAT |   CEN |       INC |           15.0 |     -EQOFFS |         0.0000d |        -0.4667d | -RVEL | 0.000000d | BARY | OP |
|   4 |  OTF |   Sun |   67.2782d |   21.7926d |    1.5000d |    0.0000d |    EQ |     EQ |      LAT |   CEN |       DEC |           15.0 |     -EQOFFS |         0.0000d |        -0.4500d | -RVEL | 0.000000d | BARY | OP |
|   5 |  OTF |   Sun |   67.2782d |   21.7926d |    1.5000d |    0.0000d |    EQ |     EQ |      LAT |   CEN |       INC |           15.0 |     -EQOFFS |         0.0000d |        -0.4333d | -RVEL | 0.000000d | BARY | OP |
|   6 |  OTF |   Sun |   67.2782d |   21.7926d |    1.5000d |    0.0000d |    EQ |     EQ |      LAT |   CEN |       DEC |           15.0 |     -EQOFFS |         0.0000d |        -0.4167d | -RVEL | 0.000000d | BARY | OP |
|   7 |  OTF |   Sun |   67.2782d |   21.7926d |    1.5000d |    0.0000d |    EQ |     EQ |      LAT |   CEN |       INC |           15.0 |     -EQOFFS |         0.0000d |        -0.4000d | -RVEL | 0.000000d | BARY | OP |
|   8 |  OTF |   Sun |   67.2782d |   21.7926d |    1.5000d |    0.0000d |    EQ |     EQ |      LAT |   CEN |       DEC |           15.0 |     -EQOFFS |         0.0000d |        -0.3833d | -RVEL | 0.000000d | BARY | OP |
|   9 |  OTF |   Sun |   67.2782d |   21.7926d |    1.5000d |    0.0000d |    EQ |     EQ |      LAT |   CEN |       INC |           15.0 |     -EQOFFS |         0.0000d |        -0.3667d | -RVEL | 0.000000d | BARY | OP |
|  10 |  OTF |   Sun |   67.2782d |   21.7926d |    1.5000d |    0.0000d |    EQ |     EQ |      LAT |   CEN |       DEC |           15.0 |     -EQOFFS |         0.0000d |        -0.3500d | -RVEL | 0.000000d | BARY | OP |
|  11 |  OTF |   Sun |   67.2782d |   21.7926d |    1.5000d |    0.0000d |    EQ |     EQ |      LAT |   CEN |       INC |           15.0 |     -EQOFFS |         0.0000d |        -0.3333d | -RVEL | 0.000000d | BARY | OP |
|  12 |  OTF |   Sun |   67.2782d |   21.7926d |    1.5000d |    0.0000d |    EQ |     EQ |      LAT |   CEN |       DEC |           15.0 |     -EQOFFS |         0.0000d |        -0.3167d | -RVEL | 0.000000d | BARY | OP |
|  13 |  OTF |   Sun |   67.2782d |   21.7926d |    1.5000d |    0.0000d |    EQ |     EQ |      LAT |   CEN |       INC |           15.0 |     -EQOFFS |         0.0000d |        -0.3000d | -RVEL | 0.000000d | BARY | OP |
|  14 |  OTF |   Sun |   67.2782d |   21.7926d |    1.5000d |    0.0000d |    EQ |     EQ |      LAT |   CEN |       DEC |           15.0 |     -EQOFFS |         0.0000d |        -0.2833d | -RVEL | 0.000000d | BARY | OP |
|  15 |  OTF |   Sun |   67.2782d |   21.7926d |    1.5000d |    0.0000d |    EQ |     EQ |      LAT |   CEN |       INC |           15.0 |     -EQOFFS |         0.0000d |        -0.2667d | -RVEL | 0.000000d | BARY | OP |
|  16 |  OTF |   Sun |   67.2782d |   21.7926d |    1.5000d |    0.0000d |    EQ |     EQ |      LAT |   CEN |       DEC |           15.0 |     -EQOFFS |         0.0000d |        -0.2500d | -RVEL | 0.000000d | BARY | OP |
|  17 |  OTF |   Sun |   67.2782d |   21.7926d |    1.5000d |    0.0000d |    EQ |     EQ |      LAT |   CEN |       INC |           15.0 |     -EQOFFS |         0.0000d |        -0.2333d | -RVEL | 0.000000d | BARY | OP |
|  18 |  OTF |   Sun |   67.2782d |   21.7926d |    1.5000d |    0.0000d |    EQ |     EQ |      LAT |   CEN |       DEC |           15.0 |     -EQOFFS |         0.0000d |        -0.2167d | -RVEL | 0.000000d | BARY | OP |
|  19 |  OTF |   Sun |   67.2782d |   21.7926d |    1.5000d |    0.0000d |    EQ |     EQ |      LAT |   CEN |       INC |           15.0 |     -EQOFFS |         0.0000d |        -0.2000d | -RVEL | 0.000000d | BARY | OP |
|  20 |  OTF |   Sun |   67.2782d |   21.7926d |    1.5000d |    0.0000d |    EQ |     EQ |      LAT |   CEN |       DEC |           15.0 |     -EQOFFS |         0.0000d |        -0.1833d | -RVEL | 0.000000d | BARY | OP |
|  21 |  OTF |   Sun |   67.2782d |   21.7926d |    1.5000d |    0.0000d |    EQ |     EQ |      LAT |   CEN |       INC |           15.0 |     -EQOFFS |         0.0000d |        -0.1667d | -RVEL | 0.000000d | BARY | OP |
|  22 |  OTF |   Sun |   67.2782d |   21.7926d |    1.5000d |    0.0000d |    EQ |     EQ |      LAT |   CEN |       DEC |           15.0 |     -EQOFFS |         0.0000d |        -0.1500d | -RVEL | 0.000000d | BARY | OP |
|  23 |  OTF |   Sun |   67.2782d |   21.7926d |    1.5000d |    0.0000d |    EQ |     EQ |      LAT |   CEN |       INC |           15.0 |     -EQOFFS |         0.0000d |        -0.1333d | -RVEL | 0.000000d | BARY | OP |
|  24 |  OTF |   Sun |   67.2782d |   21.7926d |    1.5000d |    0.0000d |    EQ |     EQ |      LAT |   CEN |       DEC |           15.0 |     -EQOFFS |         0.0000d |        -0.1167d | -RVEL | 0.000000d | BARY | OP |
|  25 |  OTF |   Sun |   67.2782d |   21.7926d |    1.5000d |    0.0000d |    EQ |     EQ |      LAT |   CEN |       INC |           15.0 |     -EQOFFS |         0.0000d |        -0.1000d | -RVEL | 0.000000d | BARY | OP |
|  26 |  OTF |   Sun |   67.2782d |   21.7926d |    1.5000d |    0.0000d |    EQ |     EQ |      LAT |   CEN |       DEC |           15.0 |     -EQOFFS |         0.0000d |        -0.0833d | -RVEL | 0.000000d | BARY | OP |
|  27 |  OTF |   Sun |   67.2782d |   21.7926d |    1.5000d |    0.0000d |    EQ |     EQ |      LAT |   CEN |       INC |           15.0 |     -EQOFFS |         0.0000d |        -0.0667d | -RVEL | 0.000000d | BARY | OP |
|  28 |  OTF |   Sun |   67.2782d |   21.7926d |    1.5000d |    0.0000d |    EQ |     EQ |      LAT |   CEN |       DEC |           15.0 |     -EQOFFS |         0.0000d |        -0.0500d | -RVEL | 0.000000d | BARY | OP |
|  29 |  OTF |   Sun |   67.2782d |   21.7926d |    1.5000d |    0.0000d |    EQ |     EQ |      LAT |   CEN |       INC |           15.0 |     -EQOFFS |         0.0000d |        -0.0333d | -RVEL | 0.000000d | BARY | OP |
|  30 |  OTF |   Sun |   67.2782d |   21.7926d |    1.5000d |    0.0000d |    EQ |     EQ |      LAT |   CEN |       DEC |           15.0 |     -EQOFFS |         0.0000d |        -0.0167d | -RVEL | 0.000000d | BARY | OP |
|  31 |  OTF |   Sun |   67.2782d |   21.7926d |    1.5000d |    0.0000d |    EQ |     EQ |      LAT |   CEN |       INC |           15.0 |     -EQOFFS |         0.0000d |         0.0000d | -RVEL | 0.000000d | BARY | OP |
|  32 |  OTF |   Sun |   67.2782d |   21.7926d |    1.5000d |    0.0000d |    EQ |     EQ |      LAT |   CEN |       DEC |           15.0 |     -EQOFFS |         0.0000d |         0.0167d | -RVEL | 0.000000d | BARY | OP |
|  33 |  OTF |   Sun |   67.2782d |   21.7926d |    1.5000d |    0.0000d |    EQ |     EQ |      LAT |   CEN |       INC |           15.0 |     -EQOFFS |         0.0000d |         0.0333d | -RVEL | 0.000000d | BARY | OP |
|  34 |  OTF |   Sun |   67.2782d |   21.7926d |    1.5000d |    0.0000d |    EQ |     EQ |      LAT |   CEN |       DEC |           15.0 |     -EQOFFS |         0.0000d |         0.0500d | -RVEL | 0.000000d | BARY | OP |
|  35 |  OTF |   Sun |   67.2782d |   21.7926d |    1.5000d |    0.0000d |    EQ |     EQ |      LAT |   CEN |       INC |           15.0 |     -EQOFFS |         0.0000d |         0.0667d | -RVEL | 0.000000d | BARY | OP |
|  36 |  OTF |   Sun |   67.2782d |   21.7926d |    1.5000d |    0.0000d |    EQ |     EQ |      LAT |   CEN |       DEC |           15.0 |     -EQOFFS |         0.0000d |         0.0833d | -RVEL | 0.000000d | BARY | OP |
|  37 |  OTF |   Sun |   67.2782d |   21.7926d |    1.5000d |    0.0000d |    EQ |     EQ |      LAT |   CEN |       INC |           15.0 |     -EQOFFS |         0.0000d |         0.1000d | -RVEL | 0.000000d | BARY | OP |
|  38 |  OTF |   Sun |   67.2782d |   21.7926d |    1.5000d |    0.0000d |    EQ |     EQ |      LAT |   CEN |       DEC |           15.0 |     -EQOFFS |         0.0000d |         0.1167d | -RVEL | 0.000000d | BARY | OP |
|  39 |  OTF |   Sun |   67.2782d |   21.7926d |    1.5000d |    0.0000d |    EQ |     EQ |      LAT |   CEN |       INC |           15.0 |     -EQOFFS |         0.0000d |         0.1333d | -RVEL | 0.000000d | BARY | OP |
|  40 |  OTF |   Sun |   67.2782d |   21.7926d |    1.5000d |    0.0000d |    EQ |     EQ |      LAT |   CEN |       DEC |           15.0 |     -EQOFFS |         0.0000d |         0.1500d | -RVEL | 0.000000d | BARY | OP |
|  41 |  OTF |   Sun |   67.2782d |   21.7926d |    1.5000d |    0.0000d |    EQ |     EQ |      LAT |   CEN |       INC |           15.0 |     -EQOFFS |         0.0000d |         0.1667d | -RVEL | 0.000000d | BARY | OP |
|  42 |  OTF |   Sun |   67.2782d |   21.7926d |    1.5000d |    0.0000d |    EQ |     EQ |      LAT |   CEN |       DEC |           15.0 |     -EQOFFS |         0.0000d |         0.1833d | -RVEL | 0.000000d | BARY | OP |
|  43 |  OTF |   Sun |   67.2782d |   21.7926d |    1.5000d |    0.0000d |    EQ |     EQ |      LAT |   CEN |       INC |           15.0 |     -EQOFFS |         0.0000d |         0.2000d | -RVEL | 0.000000d | BARY | OP |
|  44 |  OTF |   Sun |   67.2782d |   21.7926d |    1.5000d |    0.0000d |    EQ |     EQ |      LAT |   CEN |       DEC |           15.0 |     -EQOFFS |         0.0000d |         0.2167d | -RVEL | 0.000000d | BARY | OP |
|  45 |  OTF |   Sun |   67.2782d |   21.7926d |    1.5000d |    0.0000d |    EQ |     EQ |      LAT |   CEN |       INC |           15.0 |     -EQOFFS |         0.0000d |         0.2333d | -RVEL | 0.000000d | BARY | OP |
|  46 |  OTF |   Sun |   67.2782d |   21.7926d |    1.5000d |    0.0000d |    EQ |     EQ |      LAT |   CEN |       DEC |           15.0 |     -EQOFFS |         0.0000d |         0.2500d | -RVEL | 0.000000d | BARY | OP |
|  47 |  OTF |   Sun |   67.2782d |   21.7926d |    1.5000d |    0.0000d |    EQ |     EQ |      LAT |   CEN |       INC |           15.0 |     -EQOFFS |         0.0000d |         0.2667d | -RVEL | 0.000000d | BARY | OP |
|  48 |  OTF |   Sun |   67.2782d |   21.7926d |    1.5000d |    0.0000d |    EQ |     EQ |      LAT |   CEN |       DEC |           15.0 |     -EQOFFS |         0.0000d |         0.2833d | -RVEL | 0.000000d | BARY | OP |
|  49 |  OTF |   Sun |   67.2782d |   21.7926d |    1.5000d |    0.0000d |    EQ |     EQ |      LAT |   CEN |       INC |           15.0 |     -EQOFFS |         0.0000d |         0.3000d | -RVEL | 0.000000d | BARY | OP |
|  50 |  OTF |   Sun |   67.2782d |   21.7926d |    1.5000d |    0.0000d |    EQ |     EQ |      LAT |   CEN |       DEC |           15.0 |     -EQOFFS |         0.0000d |         0.3167d | -RVEL | 0.000000d | BARY | OP |
|  51 |  OTF |   Sun |   67.2782d |   21.7926d |    1.5000d |    0.0000d |    EQ |     EQ |      LAT |   CEN |       INC |           15.0 |     -EQOFFS |         0.0000d |         0.3333d | -RVEL | 0.000000d | BARY | OP |
|  52 |  OTF |   Sun |   67.2782d |   21.7926d |    1.5000d |    0.0000d |    EQ |     EQ |      LAT |   CEN |       DEC |           15.0 |     -EQOFFS |         0.0000d |         0.3500d | -RVEL | 0.000000d | BARY | OP |
|  53 |  OTF |   Sun |   67.2782d |   21.7926d |    1.5000d |    0.0000d |    EQ |     EQ |      LAT |   CEN |       INC |           15.0 |     -EQOFFS |         0.0000d |         0.3667d | -RVEL | 0.000000d | BARY | OP |
|  54 |  OTF |   Sun |   67.2782d |   21.7926d |    1.5000d |    0.0000d |    EQ |     EQ |      LAT |   CEN |       DEC |           15.0 |     -EQOFFS |         0.0000d |         0.3833d | -RVEL | 0.000000d | BARY | OP |
|  55 |  OTF |   Sun |   67.2782d |   21.7926d |    1.5000d |    0.0000d |    EQ |     EQ |      LAT |   CEN |       INC |           15.0 |     -EQOFFS |         0.0000d |         0.4000d | -RVEL | 0.000000d | BARY | OP |
|  56 |  OTF |   Sun |   67.2782d |   21.7926d |    1.5000d |    0.0000d |    EQ |     EQ |      LAT |   CEN |       DEC |           15.0 |     -EQOFFS |         0.0000d |         0.4167d | -RVEL | 0.000000d | BARY | OP |
|  57 |  OTF |   Sun |   67.2782d |   21.7926d |    1.5000d |    0.0000d |    EQ |     EQ |      LAT |   CEN |       INC |           15.0 |     -EQOFFS |         0.0000d |         0.4333d | -RVEL | 0.000000d | BARY | OP |
|  58 |  OTF |   Sun |   67.2782d |   21.7926d |    1.5000d |    0.0000d |    EQ |     EQ |      LAT |   CEN |       DEC |           15.0 |     -EQOFFS |         0.0000d |         0.4500d | -RVEL | 0.000000d | BARY | OP |
|  59 |  OTF |   Sun |   67.2782d |   21.7926d |    1.5000d |    0.0000d |    EQ |     EQ |      LAT |   CEN |       INC |           15.0 |     -EQOFFS |         0.0000d |         0.4667d | -RVEL | 0.000000d | BARY | OP |
|  60 |  OTF |   Sun |   67.2782d |   21.7926d |    1.5000d |    0.0000d |    EQ |     EQ |      LAT |   CEN |       DEC |           15.0 |     -EQOFFS |         0.0000d |         0.4833d | -RVEL | 0.000000d | BARY | OP |
|  61 |  OTF |   Sun |   67.2782d |   21.7926d |    1.5000d |    0.0000d |    EQ |     EQ |      LAT |   CEN |       INC |           15.0 |     -EQOFFS |         0.0000d |         0.5000d | -RVEL | 0.000000d | BARY | OP |
